<?xml version="1.0" encoding="UTF-8"?>
<testsuite xmlns:xsi="http://www.w3.org/2001/XMLSchema-instance" xsi:noNamespaceSchemaLocation="https://maven.apache.org/surefire/maven-surefire-plugin/xsd/surefire-test-report-3.0.xsd" version="3.0" name="TestSuite" time="0.806" tests="7" errors="0" skipped="0" failures="0">
  <properties>
    <property name="java.specification.version" value="20"/>
    <property name="sun.cpu.isalist" value="amd64"/>
    <property name="sun.jnu.encoding" value="Cp1252"/>
    <property name="java.class.path" value="E:\Maven_Project_Practice\Maven_Project_Practice_Set\target\test-classes;E:\Maven_Project_Practice\Maven_Project_Practice_Set\target\classes;C:\Users\Admin\.m2\repository\org\seleniumhq\selenium\selenium-java\4.19.1\selenium-java-4.19.1.jar;C:\Users\Admin\.m2\repository\org\seleniumhq\selenium\selenium-api\4.19.1\selenium-api-4.19.1.jar;C:\Users\Admin\.m2\repository\org\seleniumhq\selenium\selenium-chrome-driver\4.19.1\selenium-chrome-driver-4.19.1.jar;C:\Users\Admin\.m2\repository\com\google\auto\service\auto-service-annotations\1.1.1\auto-service-annotations-1.1.1.jar;C:\Users\Admin\.m2\repository\org\seleniumhq\selenium\selenium-chromium-driver\4.19.1\selenium-chromium-driver-4.19.1.jar;C:\Users\Admin\.m2\repository\org\seleniumhq\selenium\selenium-json\4.19.1\selenium-json-4.19.1.jar;C:\Users\Admin\.m2\repository\org\seleniumhq\selenium\selenium-manager\4.19.1\selenium-manager-4.19.1.jar;C:\Users\Admin\.m2\repository\org\seleniumhq\selenium\selenium-devtools-v121\4.19.1\selenium-devtools-v121-4.19.1.jar;C:\Users\Admin\.m2\repository\org\seleniumhq\selenium\selenium-devtools-v122\4.19.1\selenium-devtools-v122-4.19.1.jar;C:\Users\Admin\.m2\repository\org\seleniumhq\selenium\selenium-devtools-v123\4.19.1\selenium-devtools-v123-4.19.1.jar;C:\Users\Admin\.m2\repository\org\seleniumhq\selenium\selenium-devtools-v85\4.19.1\selenium-devtools-v85-4.19.1.jar;C:\Users\Admin\.m2\repository\org\seleniumhq\selenium\selenium-edge-driver\4.19.1\selenium-edge-driver-4.19.1.jar;C:\Users\Admin\.m2\repository\org\seleniumhq\selenium\selenium-firefox-driver\4.19.1\selenium-firefox-driver-4.19.1.jar;C:\Users\Admin\.m2\repository\org\seleniumhq\selenium\selenium-http\4.19.1\selenium-http-4.19.1.jar;C:\Users\Admin\.m2\repository\dev\failsafe\failsafe\3.3.2\failsafe-3.3.2.jar;C:\Users\Admin\.m2\repository\org\seleniumhq\selenium\selenium-ie-driver\4.19.1\selenium-ie-driver-4.19.1.jar;C:\Users\Admin\.m2\repository\org\seleniumhq\selenium\selenium-remote-driver\4.19.1\selenium-remote-driver-4.19.1.jar;C:\Users\Admin\.m2\repository\com\google\guava\guava\33.1.0-jre\guava-33.1.0-jre.jar;C:\Users\Admin\.m2\repository\com\google\guava\failureaccess\1.0.2\failureaccess-1.0.2.jar;C:\Users\Admin\.m2\repository\com\google\guava\listenablefuture\9999.0-empty-to-avoid-conflict-with-guava\listenablefuture-9999.0-empty-to-avoid-conflict-with-guava.jar;C:\Users\Admin\.m2\repository\com\google\code\findbugs\jsr305\3.0.2\jsr305-3.0.2.jar;C:\Users\Admin\.m2\repository\org\checkerframework\checker-qual\3.42.0\checker-qual-3.42.0.jar;C:\Users\Admin\.m2\repository\com\google\errorprone\error_prone_annotations\2.26.1\error_prone_annotations-2.26.1.jar;C:\Users\Admin\.m2\repository\com\google\j2objc\j2objc-annotations\3.0.0\j2objc-annotations-3.0.0.jar;C:\Users\Admin\.m2\repository\io\opentelemetry\semconv\opentelemetry-semconv\1.23.1-alpha\opentelemetry-semconv-1.23.1-alpha.jar;C:\Users\Admin\.m2\repository\io\opentelemetry\opentelemetry-api\1.36.0\opentelemetry-api-1.36.0.jar;C:\Users\Admin\.m2\repository\io\opentelemetry\opentelemetry-context\1.36.0\opentelemetry-context-1.36.0.jar;C:\Users\Admin\.m2\repository\io\opentelemetry\opentelemetry-exporter-logging\1.36.0\opentelemetry-exporter-logging-1.36.0.jar;C:\Users\Admin\.m2\repository\io\opentelemetry\opentelemetry-sdk-common\1.36.0\opentelemetry-sdk-common-1.36.0.jar;C:\Users\Admin\.m2\repository\io\opentelemetry\opentelemetry-sdk-extension-autoconfigure-spi\1.36.0\opentelemetry-sdk-extension-autoconfigure-spi-1.36.0.jar;C:\Users\Admin\.m2\repository\io\opentelemetry\opentelemetry-sdk-extension-autoconfigure\1.36.0\opentelemetry-sdk-extension-autoconfigure-1.36.0.jar;C:\Users\Admin\.m2\repository\io\opentelemetry\opentelemetry-api-events\1.36.0-alpha\opentelemetry-api-events-1.36.0-alpha.jar;C:\Users\Admin\.m2\repository\io\opentelemetry\opentelemetry-sdk-trace\1.36.0\opentelemetry-sdk-trace-1.36.0.jar;C:\Users\Admin\.m2\repository\io\opentelemetry\opentelemetry-extension-incubator\1.36.0-alpha\opentelemetry-extension-incubator-1.36.0-alpha.jar;C:\Users\Admin\.m2\repository\io\opentelemetry\opentelemetry-sdk\1.36.0\opentelemetry-sdk-1.36.0.jar;C:\Users\Admin\.m2\repository\io\opentelemetry\opentelemetry-sdk-metrics\1.36.0\opentelemetry-sdk-metrics-1.36.0.jar;C:\Users\Admin\.m2\repository\io\opentelemetry\opentelemetry-sdk-logs\1.36.0\opentelemetry-sdk-logs-1.36.0.jar;C:\Users\Admin\.m2\repository\net\bytebuddy\byte-buddy\1.14.12\byte-buddy-1.14.12.jar;C:\Users\Admin\.m2\repository\org\seleniumhq\selenium\selenium-os\4.19.1\selenium-os-4.19.1.jar;C:\Users\Admin\.m2\repository\org\apache\commons\commons-exec\1.3\commons-exec-1.3.jar;C:\Users\Admin\.m2\repository\org\seleniumhq\selenium\selenium-safari-driver\4.19.1\selenium-safari-driver-4.19.1.jar;C:\Users\Admin\.m2\repository\org\seleniumhq\selenium\selenium-support\4.19.1\selenium-support-4.19.1.jar;C:\Users\Admin\.m2\repository\org\apache\logging\log4j\log4j-core\2.23.1\log4j-core-2.23.1.jar;C:\Users\Admin\.m2\repository\org\apache\logging\log4j\log4j-api\2.23.1\log4j-api-2.23.1.jar;C:\Users\Admin\.m2\repository\org\slf4j\slf4j-reload4j\2.0.12\slf4j-reload4j-2.0.12.jar;C:\Users\Admin\.m2\repository\org\slf4j\slf4j-api\2.0.12\slf4j-api-2.0.12.jar;C:\Users\Admin\.m2\repository\ch\qos\reload4j\reload4j\1.2.22\reload4j-1.2.22.jar;C:\Users\Admin\.m2\repository\org\testng\testng\7.9.0\testng-7.9.0.jar;C:\Users\Admin\.m2\repository\com\beust\jcommander\1.82\jcommander-1.82.jar;C:\Users\Admin\.m2\repository\org\webjars\jquery\3.7.1\jquery-3.7.1.jar;C:\Users\Admin\.m2\repository\io\github\bonigarcia\webdrivermanager\5.8.0\webdrivermanager-5.8.0.jar;C:\Users\Admin\.m2\repository\com\google\code\gson\gson\2.10.1\gson-2.10.1.jar;C:\Users\Admin\.m2\repository\com\github\docker-java\docker-java\3.3.6\docker-java-3.3.6.jar;C:\Users\Admin\.m2\repository\com\github\docker-java\docker-java-core\3.3.6\docker-java-core-3.3.6.jar;C:\Users\Admin\.m2\repository\com\github\docker-java\docker-java-api\3.3.6\docker-java-api-3.3.6.jar;C:\Users\Admin\.m2\repository\com\fasterxml\jackson\core\jackson-annotations\2.10.3\jackson-annotations-2.10.3.jar;C:\Users\Admin\.m2\repository\com\fasterxml\jackson\core\jackson-databind\2.10.3\jackson-databind-2.10.3.jar;C:\Users\Admin\.m2\repository\com\fasterxml\jackson\core\jackson-core\2.10.3\jackson-core-2.10.3.jar;C:\Users\Admin\.m2\repository\org\bouncycastle\bcpkix-jdk18on\1.76\bcpkix-jdk18on-1.76.jar;C:\Users\Admin\.m2\repository\org\bouncycastle\bcprov-jdk18on\1.76\bcprov-jdk18on-1.76.jar;C:\Users\Admin\.m2\repository\org\bouncycastle\bcutil-jdk18on\1.76\bcutil-jdk18on-1.76.jar;C:\Users\Admin\.m2\repository\org\slf4j\jcl-over-slf4j\1.7.30\jcl-over-slf4j-1.7.30.jar;C:\Users\Admin\.m2\repository\com\github\docker-java\docker-java-transport-httpclient5\3.3.6\docker-java-transport-httpclient5-3.3.6.jar;C:\Users\Admin\.m2\repository\com\github\docker-java\docker-java-transport\3.3.6\docker-java-transport-3.3.6.jar;C:\Users\Admin\.m2\repository\net\java\dev\jna\jna\5.13.0\jna-5.13.0.jar;C:\Users\Admin\.m2\repository\org\brotli\dec\0.1.2\dec-0.1.2.jar;C:\Users\Admin\.m2\repository\org\apache\commons\commons-lang3\3.14.0\commons-lang3-3.14.0.jar;C:\Users\Admin\.m2\repository\org\apache\commons\commons-compress\1.26.1\commons-compress-1.26.1.jar;C:\Users\Admin\.m2\repository\commons-codec\commons-codec\1.16.1\commons-codec-1.16.1.jar;C:\Users\Admin\.m2\repository\commons-io\commons-io\2.15.1\commons-io-2.15.1.jar;C:\Users\Admin\.m2\repository\org\apache\httpcomponents\client5\httpclient5\5.2.1\httpclient5-5.2.1.jar;C:\Users\Admin\.m2\repository\org\apache\httpcomponents\core5\httpcore5\5.2\httpcore5-5.2.jar;C:\Users\Admin\.m2\repository\org\apache\httpcomponents\core5\httpcore5-h2\5.2\httpcore5-h2-5.2.jar;C:\Users\Admin\.m2\repository\io\github\qsy7\java\modules\browser\drivers\chromedriver\0.3.3\chromedriver-0.3.3.jar;C:\Users\Admin\.m2\repository\io\github\qsy7\java\modules\browser\api\service\0.3.3\service-0.3.3.jar;C:\Users\Admin\.m2\repository\io\github\qsy7\java\modules\browser\api\model\0.3.3\model-0.3.3.jar;C:\Users\Admin\.m2\repository\io\github\qsy7\java\infrastructure\property\api\0.3.3\api-0.3.3.jar;C:\Users\Admin\.m2\repository\org\reflections\reflections\0.10.2\reflections-0.10.2.jar;C:\Users\Admin\.m2\repository\org\javassist\javassist\3.28.0-GA\javassist-3.28.0-GA.jar;C:\Users\Admin\.m2\repository\org\dom4j\dom4j\2.1.4\dom4j-2.1.4.jar;C:\Users\Admin\.m2\repository\io\github\qsy7\java\modules\identity\api\model\0.3.3\model-0.3.3.jar;C:\Users\Admin\.m2\repository\io\github\qsy7\java\modules\person\api\model\0.3.3\model-0.3.3.jar;C:\Users\Admin\.m2\repository\org\passay\passay\1.6.4\passay-1.6.4.jar;C:\Users\Admin\.m2\repository\io\github\qsy7\java\modules\serialization\api\service\0.3.3\service-0.3.3.jar;C:\Users\Admin\.m2\repository\io\github\qsy7\java\modules\serialization\api\model\0.3.3\model-0.3.3.jar;C:\Users\Admin\.m2\repository\io\github\qsy7\java\modules\keep-alive\0.3.3\keep-alive-0.3.3.jar;C:\Users\Admin\.m2\repository\io\github\qsy7\java\modules\file\modules\resources\0.3.3\resources-0.3.3.jar;C:\Users\Admin\.m2\repository\io\github\qsy7\java\infrastructure\inject\modules\cli\api\0.3.3\api-0.3.3.jar;C:\Users\Admin\.m2\repository\io\github\qsy7\java\advice\closeable\0.3.3\closeable-0.3.3.jar;C:\Users\Admin\.m2\repository\net\bytebuddy\byte-buddy-agent\1.14.11\byte-buddy-agent-1.14.11.jar;C:\Users\Admin\.m2\repository\io\github\qsy7\java\infrastructure\datastore\api\repository\0.3.3\repository-0.3.3.jar;C:\Users\Admin\.m2\repository\io\github\qsy7\java\infrastructure\datastore\api\model\0.3.3\model-0.3.3.jar;C:\Users\Admin\.m2\repository\org\datanucleus\javax.jdo\3.2.1\javax.jdo-3.2.1.jar;C:\Users\Admin\.m2\repository\org\glassfish\corba\glassfish-corba-omgapi\4.2.2\glassfish-corba-omgapi-4.2.2.jar;C:\Users\Admin\.m2\repository\org\datanucleus\datanucleus-api-jdo\6.0.1\datanucleus-api-jdo-6.0.1.jar;C:\Users\Admin\.m2\repository\org\datanucleus\datanucleus-core\6.0.6\datanucleus-core-6.0.6.jar;C:\Users\Admin\.m2\repository\org\datanucleus\datanucleus-jdo-query\6.0.1\datanucleus-jdo-query-6.0.1.jar;C:\Users\Admin\.m2\repository\javax\transaction\javax.transaction-api\1.3\javax.transaction-api-1.3.jar;C:\Users\Admin\.m2\repository\io\github\qsy7\java\modules\browser\impl\0.3.3\impl-0.3.3.jar;C:\Users\Admin\.m2\repository\io\github\qsy7\java\modules\file\api\model\0.3.3\model-0.3.3.jar;C:\Users\Admin\.m2\repository\io\github\qsy7\java\modules\file\api\service\0.3.3\service-0.3.3.jar;C:\Users\Admin\.m2\repository\io\github\qsy7\java\modules\file\impl\0.3.3\impl-0.3.3.jar;C:\Users\Admin\.m2\repository\io\github\qsy7\java\modules\compression\api\service\0.3.3\service-0.3.3.jar;C:\Users\Admin\.m2\repository\io\github\qsy7\java\modules\compression\api\model\0.3.3\model-0.3.3.jar;C:\Users\Admin\.m2\repository\org\tukaani\xz\1.9\xz-1.9.jar;C:\Users\Admin\.m2\repository\io\github\qsy7\java\modules\compression\modules\xz\impl\0.3.3\impl-0.3.3.jar;C:\Users\Admin\.m2\repository\io\github\qsy7\java\modules\encryption\api\0.3.3\api-0.3.3.jar;C:\Users\Admin\.m2\repository\io\github\qsy7\java\modules\encryption\impl\0.3.3\impl-0.3.3.jar;C:\Users\Admin\.m2\repository\org\apache\commons\commons-text\1.11.0\commons-text-1.11.0.jar;C:\Users\Admin\.m2\repository\org\apache\commons\commons-crypto\1.2.0\commons-crypto-1.2.0.jar;C:\Users\Admin\.m2\repository\com\sun\xml\bind\jaxb-impl\2.3.7\jaxb-impl-2.3.7.jar;C:\Users\Admin\.m2\repository\jakarta\xml\bind\jakarta.xml.bind-api\2.3.3\jakarta.xml.bind-api-2.3.3.jar;C:\Users\Admin\.m2\repository\com\sun\activation\jakarta.activation\1.2.2\jakarta.activation-1.2.2.jar;C:\Users\Admin\.m2\repository\io\github\qsy7\java\infrastructure\inject\core\0.3.3\core-0.3.3.jar;C:\Users\Admin\.m2\repository\jakarta\inject\jakarta.inject-api\2.0.1.MR\jakarta.inject-api-2.0.1.MR.jar;C:\Users\Admin\.m2\repository\io\github\qsy7\java\infrastructure\property\impl\0.3.3\impl-0.3.3.jar;C:\Users\Admin\.m2\repository\io\github\qsy7\java\advice\logging\api\0.3.3\api-0.3.3.jar;C:\Users\Admin\.m2\repository\jakarta\enterprise\jakarta.enterprise.cdi-api\4.1.0-M1\jakarta.enterprise.cdi-api-4.1.0-M1.jar;C:\Users\Admin\.m2\repository\jakarta\enterprise\jakarta.enterprise.lang-model\4.1.0-M1\jakarta.enterprise.lang-model-4.1.0-M1.jar;C:\Users\Admin\.m2\repository\jakarta\annotation\jakarta.annotation-api\3.0.0-M1\jakarta.annotation-api-3.0.0-M1.jar;C:\Users\Admin\.m2\repository\jakarta\el\jakarta.el-api\5.0.1\jakarta.el-api-5.0.1.jar;C:\Users\Admin\.m2\repository\jakarta\interceptor\jakarta.interceptor-api\2.2.0-M1\jakarta.interceptor-api-2.2.0-M1.jar;C:\Users\Admin\.m2\repository\io\github\qsy7\java\infrastructure\property\modules\environment\0.3.3\environment-0.3.3.jar;C:\Users\Admin\.m2\repository\io\github\qsy7\java\infrastructure\property\modules\manifest\0.3.3\manifest-0.3.3.jar;C:\Users\Admin\.m2\repository\com\jcabi\jcabi-manifests\2.1.0\jcabi-manifests-2.1.0.jar;C:\Users\Admin\.m2\repository\com\jcabi\jcabi-log\0.22.0\jcabi-log-0.22.0.jar;C:\Users\Admin\.m2\repository\org\mockito\mockito-core\4.6.1\mockito-core-4.6.1.jar;C:\Users\Admin\.m2\repository\org\objenesis\objenesis\3.2\objenesis-3.2.jar;C:\Users\Admin\.m2\repository\io\github\qsy7\java\modules\shell\api\model\0.3.3\model-0.3.3.jar;C:\Users\Admin\.m2\repository\io\github\qsy7\java\infrastructure\datastore\impl\0.3.3\impl-0.3.3.jar;"/>
    <property name="java.vm.vendor" value="Oracle Corporation"/>
    <property name="sun.arch.data.model" value="64"/>
    <property name="user.variant" value=""/>
    <property name="java.vendor.url" value="https://java.oracle.com/"/>
    <property name="user.timezone" value="Asia/Calcutta"/>
    <property name="os.name" value="Windows 10"/>
    <property name="java.vm.specification.version" value="20"/>
    <property name="sun.java.launcher" value="SUN_STANDARD"/>
    <property name="user.country" value="US"/>
    <property name="sun.boot.library.path" value="C:\Program Files\Java\jdk-20\bin"/>
    <property name="sun.java.command" value="C:\Users\Admin\AppData\Local\Temp\surefire9988853706320710776\surefirebooter-20240411212116021_3.jar C:\Users\Admin\AppData\Local\Temp\surefire9988853706320710776 2024-04-11T21-21-15_869-jvmRun1 surefire-20240411212116021_1tmp surefire_0-20240411212116021_2tmp"/>
    <property name="jdk.debug" value="release"/>
    <property name="surefire.test.class.path" value="E:\Maven_Project_Practice\Maven_Project_Practice_Set\target\test-classes;E:\Maven_Project_Practice\Maven_Project_Practice_Set\target\classes;C:\Users\Admin\.m2\repository\org\seleniumhq\selenium\selenium-java\4.19.1\selenium-java-4.19.1.jar;C:\Users\Admin\.m2\repository\org\seleniumhq\selenium\selenium-api\4.19.1\selenium-api-4.19.1.jar;C:\Users\Admin\.m2\repository\org\seleniumhq\selenium\selenium-chrome-driver\4.19.1\selenium-chrome-driver-4.19.1.jar;C:\Users\Admin\.m2\repository\com\google\auto\service\auto-service-annotations\1.1.1\auto-service-annotations-1.1.1.jar;C:\Users\Admin\.m2\repository\org\seleniumhq\selenium\selenium-chromium-driver\4.19.1\selenium-chromium-driver-4.19.1.jar;C:\Users\Admin\.m2\repository\org\seleniumhq\selenium\selenium-json\4.19.1\selenium-json-4.19.1.jar;C:\Users\Admin\.m2\repository\org\seleniumhq\selenium\selenium-manager\4.19.1\selenium-manager-4.19.1.jar;C:\Users\Admin\.m2\repository\org\seleniumhq\selenium\selenium-devtools-v121\4.19.1\selenium-devtools-v121-4.19.1.jar;C:\Users\Admin\.m2\repository\org\seleniumhq\selenium\selenium-devtools-v122\4.19.1\selenium-devtools-v122-4.19.1.jar;C:\Users\Admin\.m2\repository\org\seleniumhq\selenium\selenium-devtools-v123\4.19.1\selenium-devtools-v123-4.19.1.jar;C:\Users\Admin\.m2\repository\org\seleniumhq\selenium\selenium-devtools-v85\4.19.1\selenium-devtools-v85-4.19.1.jar;C:\Users\Admin\.m2\repository\org\seleniumhq\selenium\selenium-edge-driver\4.19.1\selenium-edge-driver-4.19.1.jar;C:\Users\Admin\.m2\repository\org\seleniumhq\selenium\selenium-firefox-driver\4.19.1\selenium-firefox-driver-4.19.1.jar;C:\Users\Admin\.m2\repository\org\seleniumhq\selenium\selenium-http\4.19.1\selenium-http-4.19.1.jar;C:\Users\Admin\.m2\repository\dev\failsafe\failsafe\3.3.2\failsafe-3.3.2.jar;C:\Users\Admin\.m2\repository\org\seleniumhq\selenium\selenium-ie-driver\4.19.1\selenium-ie-driver-4.19.1.jar;C:\Users\Admin\.m2\repository\org\seleniumhq\selenium\selenium-remote-driver\4.19.1\selenium-remote-driver-4.19.1.jar;C:\Users\Admin\.m2\repository\com\google\guava\guava\33.1.0-jre\guava-33.1.0-jre.jar;C:\Users\Admin\.m2\repository\com\google\guava\failureaccess\1.0.2\failureaccess-1.0.2.jar;C:\Users\Admin\.m2\repository\com\google\guava\listenablefuture\9999.0-empty-to-avoid-conflict-with-guava\listenablefuture-9999.0-empty-to-avoid-conflict-with-guava.jar;C:\Users\Admin\.m2\repository\com\google\code\findbugs\jsr305\3.0.2\jsr305-3.0.2.jar;C:\Users\Admin\.m2\repository\org\checkerframework\checker-qual\3.42.0\checker-qual-3.42.0.jar;C:\Users\Admin\.m2\repository\com\google\errorprone\error_prone_annotations\2.26.1\error_prone_annotations-2.26.1.jar;C:\Users\Admin\.m2\repository\com\google\j2objc\j2objc-annotations\3.0.0\j2objc-annotations-3.0.0.jar;C:\Users\Admin\.m2\repository\io\opentelemetry\semconv\opentelemetry-semconv\1.23.1-alpha\opentelemetry-semconv-1.23.1-alpha.jar;C:\Users\Admin\.m2\repository\io\opentelemetry\opentelemetry-api\1.36.0\opentelemetry-api-1.36.0.jar;C:\Users\Admin\.m2\repository\io\opentelemetry\opentelemetry-context\1.36.0\opentelemetry-context-1.36.0.jar;C:\Users\Admin\.m2\repository\io\opentelemetry\opentelemetry-exporter-logging\1.36.0\opentelemetry-exporter-logging-1.36.0.jar;C:\Users\Admin\.m2\repository\io\opentelemetry\opentelemetry-sdk-common\1.36.0\opentelemetry-sdk-common-1.36.0.jar;C:\Users\Admin\.m2\repository\io\opentelemetry\opentelemetry-sdk-extension-autoconfigure-spi\1.36.0\opentelemetry-sdk-extension-autoconfigure-spi-1.36.0.jar;C:\Users\Admin\.m2\repository\io\opentelemetry\opentelemetry-sdk-extension-autoconfigure\1.36.0\opentelemetry-sdk-extension-autoconfigure-1.36.0.jar;C:\Users\Admin\.m2\repository\io\opentelemetry\opentelemetry-api-events\1.36.0-alpha\opentelemetry-api-events-1.36.0-alpha.jar;C:\Users\Admin\.m2\repository\io\opentelemetry\opentelemetry-sdk-trace\1.36.0\opentelemetry-sdk-trace-1.36.0.jar;C:\Users\Admin\.m2\repository\io\opentelemetry\opentelemetry-extension-incubator\1.36.0-alpha\opentelemetry-extension-incubator-1.36.0-alpha.jar;C:\Users\Admin\.m2\repository\io\opentelemetry\opentelemetry-sdk\1.36.0\opentelemetry-sdk-1.36.0.jar;C:\Users\Admin\.m2\repository\io\opentelemetry\opentelemetry-sdk-metrics\1.36.0\opentelemetry-sdk-metrics-1.36.0.jar;C:\Users\Admin\.m2\repository\io\opentelemetry\opentelemetry-sdk-logs\1.36.0\opentelemetry-sdk-logs-1.36.0.jar;C:\Users\Admin\.m2\repository\net\bytebuddy\byte-buddy\1.14.12\byte-buddy-1.14.12.jar;C:\Users\Admin\.m2\repository\org\seleniumhq\selenium\selenium-os\4.19.1\selenium-os-4.19.1.jar;C:\Users\Admin\.m2\repository\org\apache\commons\commons-exec\1.3\commons-exec-1.3.jar;C:\Users\Admin\.m2\repository\org\seleniumhq\selenium\selenium-safari-driver\4.19.1\selenium-safari-driver-4.19.1.jar;C:\Users\Admin\.m2\repository\org\seleniumhq\selenium\selenium-support\4.19.1\selenium-support-4.19.1.jar;C:\Users\Admin\.m2\repository\org\apache\logging\log4j\log4j-core\2.23.1\log4j-core-2.23.1.jar;C:\Users\Admin\.m2\repository\org\apache\logging\log4j\log4j-api\2.23.1\log4j-api-2.23.1.jar;C:\Users\Admin\.m2\repository\org\slf4j\slf4j-reload4j\2.0.12\slf4j-reload4j-2.0.12.jar;C:\Users\Admin\.m2\repository\org\slf4j\slf4j-api\2.0.12\slf4j-api-2.0.12.jar;C:\Users\Admin\.m2\repository\ch\qos\reload4j\reload4j\1.2.22\reload4j-1.2.22.jar;C:\Users\Admin\.m2\repository\org\testng\testng\7.9.0\testng-7.9.0.jar;C:\Users\Admin\.m2\repository\com\beust\jcommander\1.82\jcommander-1.82.jar;C:\Users\Admin\.m2\repository\org\webjars\jquery\3.7.1\jquery-3.7.1.jar;C:\Users\Admin\.m2\repository\io\github\bonigarcia\webdrivermanager\5.8.0\webdrivermanager-5.8.0.jar;C:\Users\Admin\.m2\repository\com\google\code\gson\gson\2.10.1\gson-2.10.1.jar;C:\Users\Admin\.m2\repository\com\github\docker-java\docker-java\3.3.6\docker-java-3.3.6.jar;C:\Users\Admin\.m2\repository\com\github\docker-java\docker-java-core\3.3.6\docker-java-core-3.3.6.jar;C:\Users\Admin\.m2\repository\com\github\docker-java\docker-java-api\3.3.6\docker-java-api-3.3.6.jar;C:\Users\Admin\.m2\repository\com\fasterxml\jackson\core\jackson-annotations\2.10.3\jackson-annotations-2.10.3.jar;C:\Users\Admin\.m2\repository\com\fasterxml\jackson\core\jackson-databind\2.10.3\jackson-databind-2.10.3.jar;C:\Users\Admin\.m2\repository\com\fasterxml\jackson\core\jackson-core\2.10.3\jackson-core-2.10.3.jar;C:\Users\Admin\.m2\repository\org\bouncycastle\bcpkix-jdk18on\1.76\bcpkix-jdk18on-1.76.jar;C:\Users\Admin\.m2\repository\org\bouncycastle\bcprov-jdk18on\1.76\bcprov-jdk18on-1.76.jar;C:\Users\Admin\.m2\repository\org\bouncycastle\bcutil-jdk18on\1.76\bcutil-jdk18on-1.76.jar;C:\Users\Admin\.m2\repository\org\slf4j\jcl-over-slf4j\1.7.30\jcl-over-slf4j-1.7.30.jar;C:\Users\Admin\.m2\repository\com\github\docker-java\docker-java-transport-httpclient5\3.3.6\docker-java-transport-httpclient5-3.3.6.jar;C:\Users\Admin\.m2\repository\com\github\docker-java\docker-java-transport\3.3.6\docker-java-transport-3.3.6.jar;C:\Users\Admin\.m2\repository\net\java\dev\jna\jna\5.13.0\jna-5.13.0.jar;C:\Users\Admin\.m2\repository\org\brotli\dec\0.1.2\dec-0.1.2.jar;C:\Users\Admin\.m2\repository\org\apache\commons\commons-lang3\3.14.0\commons-lang3-3.14.0.jar;C:\Users\Admin\.m2\repository\org\apache\commons\commons-compress\1.26.1\commons-compress-1.26.1.jar;C:\Users\Admin\.m2\repository\commons-codec\commons-codec\1.16.1\commons-codec-1.16.1.jar;C:\Users\Admin\.m2\repository\commons-io\commons-io\2.15.1\commons-io-2.15.1.jar;C:\Users\Admin\.m2\repository\org\apache\httpcomponents\client5\httpclient5\5.2.1\httpclient5-5.2.1.jar;C:\Users\Admin\.m2\repository\org\apache\httpcomponents\core5\httpcore5\5.2\httpcore5-5.2.jar;C:\Users\Admin\.m2\repository\org\apache\httpcomponents\core5\httpcore5-h2\5.2\httpcore5-h2-5.2.jar;C:\Users\Admin\.m2\repository\io\github\qsy7\java\modules\browser\drivers\chromedriver\0.3.3\chromedriver-0.3.3.jar;C:\Users\Admin\.m2\repository\io\github\qsy7\java\modules\browser\api\service\0.3.3\service-0.3.3.jar;C:\Users\Admin\.m2\repository\io\github\qsy7\java\modules\browser\api\model\0.3.3\model-0.3.3.jar;C:\Users\Admin\.m2\repository\io\github\qsy7\java\infrastructure\property\api\0.3.3\api-0.3.3.jar;C:\Users\Admin\.m2\repository\org\reflections\reflections\0.10.2\reflections-0.10.2.jar;C:\Users\Admin\.m2\repository\org\javassist\javassist\3.28.0-GA\javassist-3.28.0-GA.jar;C:\Users\Admin\.m2\repository\org\dom4j\dom4j\2.1.4\dom4j-2.1.4.jar;C:\Users\Admin\.m2\repository\io\github\qsy7\java\modules\identity\api\model\0.3.3\model-0.3.3.jar;C:\Users\Admin\.m2\repository\io\github\qsy7\java\modules\person\api\model\0.3.3\model-0.3.3.jar;C:\Users\Admin\.m2\repository\org\passay\passay\1.6.4\passay-1.6.4.jar;C:\Users\Admin\.m2\repository\io\github\qsy7\java\modules\serialization\api\service\0.3.3\service-0.3.3.jar;C:\Users\Admin\.m2\repository\io\github\qsy7\java\modules\serialization\api\model\0.3.3\model-0.3.3.jar;C:\Users\Admin\.m2\repository\io\github\qsy7\java\modules\keep-alive\0.3.3\keep-alive-0.3.3.jar;C:\Users\Admin\.m2\repository\io\github\qsy7\java\modules\file\modules\resources\0.3.3\resources-0.3.3.jar;C:\Users\Admin\.m2\repository\io\github\qsy7\java\infrastructure\inject\modules\cli\api\0.3.3\api-0.3.3.jar;C:\Users\Admin\.m2\repository\io\github\qsy7\java\advice\closeable\0.3.3\closeable-0.3.3.jar;C:\Users\Admin\.m2\repository\net\bytebuddy\byte-buddy-agent\1.14.11\byte-buddy-agent-1.14.11.jar;C:\Users\Admin\.m2\repository\io\github\qsy7\java\infrastructure\datastore\api\repository\0.3.3\repository-0.3.3.jar;C:\Users\Admin\.m2\repository\io\github\qsy7\java\infrastructure\datastore\api\model\0.3.3\model-0.3.3.jar;C:\Users\Admin\.m2\repository\org\datanucleus\javax.jdo\3.2.1\javax.jdo-3.2.1.jar;C:\Users\Admin\.m2\repository\org\glassfish\corba\glassfish-corba-omgapi\4.2.2\glassfish-corba-omgapi-4.2.2.jar;C:\Users\Admin\.m2\repository\org\datanucleus\datanucleus-api-jdo\6.0.1\datanucleus-api-jdo-6.0.1.jar;C:\Users\Admin\.m2\repository\org\datanucleus\datanucleus-core\6.0.6\datanucleus-core-6.0.6.jar;C:\Users\Admin\.m2\repository\org\datanucleus\datanucleus-jdo-query\6.0.1\datanucleus-jdo-query-6.0.1.jar;C:\Users\Admin\.m2\repository\javax\transaction\javax.transaction-api\1.3\javax.transaction-api-1.3.jar;C:\Users\Admin\.m2\repository\io\github\qsy7\java\modules\browser\impl\0.3.3\impl-0.3.3.jar;C:\Users\Admin\.m2\repository\io\github\qsy7\java\modules\file\api\model\0.3.3\model-0.3.3.jar;C:\Users\Admin\.m2\repository\io\github\qsy7\java\modules\file\api\service\0.3.3\service-0.3.3.jar;C:\Users\Admin\.m2\repository\io\github\qsy7\java\modules\file\impl\0.3.3\impl-0.3.3.jar;C:\Users\Admin\.m2\repository\io\github\qsy7\java\modules\compression\api\service\0.3.3\service-0.3.3.jar;C:\Users\Admin\.m2\repository\io\github\qsy7\java\modules\compression\api\model\0.3.3\model-0.3.3.jar;C:\Users\Admin\.m2\repository\org\tukaani\xz\1.9\xz-1.9.jar;C:\Users\Admin\.m2\repository\io\github\qsy7\java\modules\compression\modules\xz\impl\0.3.3\impl-0.3.3.jar;C:\Users\Admin\.m2\repository\io\github\qsy7\java\modules\encryption\api\0.3.3\api-0.3.3.jar;C:\Users\Admin\.m2\repository\io\github\qsy7\java\modules\encryption\impl\0.3.3\impl-0.3.3.jar;C:\Users\Admin\.m2\repository\org\apache\commons\commons-text\1.11.0\commons-text-1.11.0.jar;C:\Users\Admin\.m2\repository\org\apache\commons\commons-crypto\1.2.0\commons-crypto-1.2.0.jar;C:\Users\Admin\.m2\repository\com\sun\xml\bind\jaxb-impl\2.3.7\jaxb-impl-2.3.7.jar;C:\Users\Admin\.m2\repository\jakarta\xml\bind\jakarta.xml.bind-api\2.3.3\jakarta.xml.bind-api-2.3.3.jar;C:\Users\Admin\.m2\repository\com\sun\activation\jakarta.activation\1.2.2\jakarta.activation-1.2.2.jar;C:\Users\Admin\.m2\repository\io\github\qsy7\java\infrastructure\inject\core\0.3.3\core-0.3.3.jar;C:\Users\Admin\.m2\repository\jakarta\inject\jakarta.inject-api\2.0.1.MR\jakarta.inject-api-2.0.1.MR.jar;C:\Users\Admin\.m2\repository\io\github\qsy7\java\infrastructure\property\impl\0.3.3\impl-0.3.3.jar;C:\Users\Admin\.m2\repository\io\github\qsy7\java\advice\logging\api\0.3.3\api-0.3.3.jar;C:\Users\Admin\.m2\repository\jakarta\enterprise\jakarta.enterprise.cdi-api\4.1.0-M1\jakarta.enterprise.cdi-api-4.1.0-M1.jar;C:\Users\Admin\.m2\repository\jakarta\enterprise\jakarta.enterprise.lang-model\4.1.0-M1\jakarta.enterprise.lang-model-4.1.0-M1.jar;C:\Users\Admin\.m2\repository\jakarta\annotation\jakarta.annotation-api\3.0.0-M1\jakarta.annotation-api-3.0.0-M1.jar;C:\Users\Admin\.m2\repository\jakarta\el\jakarta.el-api\5.0.1\jakarta.el-api-5.0.1.jar;C:\Users\Admin\.m2\repository\jakarta\interceptor\jakarta.interceptor-api\2.2.0-M1\jakarta.interceptor-api-2.2.0-M1.jar;C:\Users\Admin\.m2\repository\io\github\qsy7\java\infrastructure\property\modules\environment\0.3.3\environment-0.3.3.jar;C:\Users\Admin\.m2\repository\io\github\qsy7\java\infrastructure\property\modules\manifest\0.3.3\manifest-0.3.3.jar;C:\Users\Admin\.m2\repository\com\jcabi\jcabi-manifests\2.1.0\jcabi-manifests-2.1.0.jar;C:\Users\Admin\.m2\repository\com\jcabi\jcabi-log\0.22.0\jcabi-log-0.22.0.jar;C:\Users\Admin\.m2\repository\org\mockito\mockito-core\4.6.1\mockito-core-4.6.1.jar;C:\Users\Admin\.m2\repository\org\objenesis\objenesis\3.2\objenesis-3.2.jar;C:\Users\Admin\.m2\repository\io\github\qsy7\java\modules\shell\api\model\0.3.3\model-0.3.3.jar;C:\Users\Admin\.m2\repository\io\github\qsy7\java\infrastructure\datastore\impl\0.3.3\impl-0.3.3.jar;"/>
    <property name="sun.cpu.endian" value="little"/>
    <property name="user.home" value="C:\Users\Admin"/>
    <property name="user.language" value="en"/>
    <property name="java.specification.vendor" value="Oracle Corporation"/>
    <property name="java.version.date" value="2023-04-18"/>
    <property name="java.home" value="C:\Program Files\Java\jdk-20"/>
    <property name="file.separator" value="\"/>
    <property name="basedir" value="E:\Maven_Project_Practice\Maven_Project_Practice_Set"/>
    <property name="java.vm.compressedOopsMode" value="32-bit"/>
    <property name="line.separator" value="&#10;"/>
    <property name="java.vm.specification.vendor" value="Oracle Corporation"/>
    <property name="java.specification.name" value="Java Platform API Specification"/>
    <property name="surefire.real.class.path" value="C:\Users\Admin\AppData\Local\Temp\surefire9988853706320710776\surefirebooter-20240411212116021_3.jar"/>
    <property name="user.script" value=""/>
    <property name="sun.management.compiler" value="HotSpot 64-Bit Tiered Compilers"/>
    <property name="java.runtime.version" value="20.0.1+9-29"/>
    <property name="user.name" value="Admin"/>
    <property name="stdout.encoding" value="Cp1252"/>
    <property name="path.separator" value=";"/>
    <property name="os.version" value="10.0"/>
    <property name="java.runtime.name" value="Java(TM) SE Runtime Environment"/>
    <property name="file.encoding" value="UTF-8"/>
    <property name="java.vm.name" value="Java HotSpot(TM) 64-Bit Server VM"/>
    <property name="localRepository" value="C:\Users\Admin\.m2\repository"/>
    <property name="java.vendor.url.bug" value="https://bugreport.java.com/bugreport/"/>
    <property name="java.io.tmpdir" value="C:\Users\Admin\AppData\Local\Temp\"/>
    <property name="java.version" value="20.0.1"/>
    <property name="user.dir" value="E:\Maven_Project_Practice\Maven_Project_Practice_Set"/>
    <property name="os.arch" value="amd64"/>
    <property name="java.vm.specification.name" value="Java Virtual Machine Specification"/>
    <property name="sun.os.patch.level" value=""/>
    <property name="native.encoding" value="Cp1252"/>
    <property name="java.library.path" value="C:\Program Files\Java\jdk-20\bin;C:\Windows\Sun\Java\bin;C:\Windows\system32;C:\Windows;C:\Program Files\Common Files\Oracle\Java\javapath;C:\Windows\system32;C:\Windows;C:\Windows\System32\Wbem;C:\Windows\System32\WindowsPowerShell\v1.0\;C:\Windows\System32\OpenSSH\;C:\Users\Admin\Downloads\apache-maven-3.9.5-src\apache-maven-3.9.5\apache-maven\src\bin;C:\Users\Admin\Downloads\allure-2.24.1\allure-2.24.1\bin;C:\Program Files\Java\jdk-20\bin;C:\Program Files\apache-maven-3.9.6\bin;C:\Program Files\Git\cmd;C:\Program Files\MySQL\MySQL Shell 8.0\bin\;C:\Users\Admin\AppData\Local\Microsoft\WindowsApps;C:\Program Files\JetBrains\IntelliJ IDEA Community Edition 2023.2.4\bin;;."/>
    <property name="java.vm.info" value="mixed mode, sharing"/>
    <property name="stderr.encoding" value="Cp1252"/>
    <property name="java.vendor" value="Oracle Corporation"/>
    <property name="java.vm.version" value="20.0.1+9-29"/>
    <property name="sun.io.unicode.encoding" value="UnicodeLittle"/>
    <property name="java.class.version" value="64.0"/>
  </properties>
  <testcase name="Test1" classname="Package1.AppTest1" time="0.005">
    <system-out><![CDATA[Test A-1 - Added as sanity test for testing purpose
]]></system-out>
    <system-err><![CDATA[log4j:WARN No appenders could be found for logger (org.testng.TestNG).
log4j:WARN Please initialize the log4j system properly.
log4j:WARN See http://logging.apache.org/log4j/1.2/faq.html#noconfig for more info.
]]></system-err>
  </testcase>
  <testcase name="Test3[Roshan](1)" classname="Package1.AppTest1" time="0.002">
    <system-out><![CDATA[Test A-2 Calling Data provider method 
data is fetched fom data provider methodRoshan
]]></system-out>
  </testcase>
  <testcase name="Test4" classname="Package1.AppTest2" time="0.003">
    <system-out><![CDATA[Test B-4 - Added as sanity test for testing purpose
]]></system-out>
  </testcase>
  <testcase name="Test5" classname="Package1.AppTest2" time="0.002">
    <system-out><![CDATA[Test B-5 
]]></system-out>
  </testcase>
  <testcase name="Test6" classname="Package1.AppTest2" time="0.003">
    <system-out><![CDATA[Test B-6
]]></system-out>
  </testcase>
  <testcase name="Test7" classname="Package1.AppTest3" time="0.005">
    <system-out><![CDATA[Test C-7 - Added as sanity test for testing purpose
]]></system-out>
  </testcase>
  <testcase name="Test8" classname="Package1.AppTest3" time="0.004">
    <system-out><![CDATA[Test C-8
]]></system-out>
  </testcase>
</testsuite>