<?xml version="1.0" encoding="UTF-8"?>
<!-- Generated by org.testng.reporters.JUnitReportReporter -->
<testsuite hostname="RGDevice" failures="0" tests="4" name="Package1.AppTest5" time="0.647" errors="0" timestamp="2024-06-08T12:38:44 IST" skipped="1">
  <testcase classname="Package1.AppTest5" name="test15" time="0.600"/>
  <testcase classname="Package1.AppTest5" name="test18" time="0.026"/>
  <testcase classname="Package1.AppTest5" name="test17" time="0.021"/>
  <testcase classname="Package1.AppTest5" name="test16">
    <skipped/>
  </testcase> <!-- test16 -->
</testsuite> <!-- Package1.AppTest5 -->
