<?xml version="1.0" encoding="UTF-8"?>
<!-- Generated by org.testng.reporters.JUnitReportReporter -->
<testsuite hostname="RGDevice" failures="0" tests="1" name="Assertion_Practice.HardAssertions" time="10.120" errors="0" timestamp="2024-06-02T12:21:25 IST" skipped="0">
  <testcase classname="Assertion_Practice.HardAssertions" name="soft_assert" time="10.120"/>
</testsuite> <!-- Assertion_Practice.HardAssertions -->
