<?xml version="1.0" encoding="UTF-8"?>
<!-- Generated by org.testng.reporters.JUnitReportReporter -->
<testsuite hostname="RGDevice" failures="0" tests="3" name="Package1.AppTest2" time="0.004" errors="0" timestamp="2024-06-07T20:49:03 IST" skipped="0">
  <testcase classname="Package1.AppTest2" name="Test6" time="0.001"/>
  <testcase classname="Package1.AppTest2" name="Test5" time="0.001"/>
  <testcase classname="Package1.AppTest2" name="Test4" time="0.002"/>
</testsuite> <!-- Package1.AppTest2 -->
