<?xml version="1.0" encoding="UTF-8"?>
<!-- Generated by org.testng.reporters.JUnitReportReporter -->
<testsuite hostname="RGDevice" failures="0" tests="4" name="prioratization_example.appdata1" time="0.014" errors="0" timestamp="2024-07-21T11:33:15 IST" skipped="1">
  <testcase classname="prioratization_example.appdata1" name="demo1" time="0.012"/>
  <testcase classname="prioratization_example.appdata1" name="demo2" time="0.001"/>
  <testcase classname="prioratization_example.appdata1" name="demo3" time="0.001"/>
  <testcase classname="prioratization_example.appdata1" name="demo4">
    <skipped/>
  </testcase> <!-- demo4 -->
</testsuite> <!-- prioratization_example.appdata1 -->
