<?xml version="1.0" encoding="UTF-8"?>
<!-- Generated by org.testng.reporters.JUnitReportReporter -->
<testsuite hostname="RGDevice" failures="0" tests="1" name="paramertization_example.example" time="0.017" errors="0" timestamp="2024-07-07T17:12:02 IST" skipped="0">
  <testcase classname="paramertization_example.example" name="demo" time="0.017"/>
</testsuite> <!-- paramertization_example.example -->
