<?xml version="1.0" encoding="UTF-8"?>
<!-- Generated by org.testng.reporters.JUnitReportReporter -->
<testsuite hostname="RGDevice" failures="0" tests="1" name="Testng_Annotations.Annotations_Example" time="0.012" errors="0" timestamp="2024-07-06T19:03:55 IST" skipped="0">
  <testcase classname="Testng_Annotations.Annotations_Example" name="m1" time="0.012"/>
</testsuite> <!-- Testng_Annotations.Annotations_Example -->
