<?xml version="1.0" encoding="UTF-8"?>
<!-- Generated by org.testng.reporters.JUnitReportReporter -->
<testsuite hostname="RGDevice" failures="0" tests="1" name="Package1.AppTest3" time="0.002" errors="0" timestamp="2024-04-11T20:24:18 IST" skipped="0">
  <testcase classname="Package1.AppTest3" name="Test7" time="0.002"/>
</testsuite> <!-- Package1.AppTest3 -->
