<?xml version="1.0" encoding="UTF-8"?>
<!-- Generated by org.testng.reporters.JUnitReportReporter -->
<testsuite hostname="RGDevice" failures="0" tests="2" name="Package1.AppTest4" time="0.012" errors="0" timestamp="2024-06-07T20:59:24 IST" skipped="0">
  <testcase classname="Package1.AppTest4" name="Test11" time="0.001"/>
  <testcase classname="Package1.AppTest4" name="Test10" time="0.011"/>
</testsuite> <!-- Package1.AppTest4 -->
