<?xml version="1.0" encoding="UTF-8"?>
<!-- Generated by org.testng.reporters.JUnitReportReporter -->
<testsuite hostname="RGDevice" failures="0" tests="2" name="Package1.AppTest1" time="0.014" errors="0" timestamp="2024-06-08T11:51:40 IST" skipped="0">
  <testcase classname="Package1.AppTest1" name="Test1" time="0.012"/>
  <testcase classname="Package1.AppTest1" name="Test3" time="0.002"/>
</testsuite> <!-- Package1.AppTest1 -->
