<?xml version="1.0" encoding="UTF-8"?>
<!-- Generated by org.testng.reporters.JUnitReportReporter -->
<testsuite hostname="RGDevice" failures="0" tests="2" name="Package1.AppTest1" time="0.020" errors="0" timestamp="2024-06-08T12:24:17 IST" skipped="0">
  <testcase classname="Package1.AppTest1" name="Test3" time="0.009"/>
  <testcase classname="Package1.AppTest1" name="Test1" time="0.011"/>
</testsuite> <!-- Package1.AppTest1 -->
