<?xml version="1.0" encoding="UTF-8"?>
<!-- Generated by org.testng.reporters.JUnitReportReporter -->
<testsuite hostname="RGDevice" failures="0" tests="4" name="Grouping_test_cases.group_in_testng" time="0.020" errors="0" timestamp="2024-07-21T12:02:13 IST" skipped="0">
  <testcase classname="Grouping_test_cases.group_in_testng" name="demo1" time="0.015"/>
  <testcase classname="Grouping_test_cases.group_in_testng" name="demo2" time="0.002"/>
  <testcase classname="Grouping_test_cases.group_in_testng" name="demo3" time="0.001"/>
  <testcase classname="Grouping_test_cases.group_in_testng" name="demo4" time="0.002"/>
</testsuite> <!-- Grouping_test_cases.group_in_testng -->
