<?xml version="1.0" encoding="UTF-8"?>
<!-- Generated by org.testng.reporters.JUnitReportReporter -->
<testsuite hostname="RGDevice" failures="0" tests="2" name="Package1.AppTest4" time="0.036" errors="0" timestamp="2024-06-08T12:23:47 IST" skipped="0">
  <testcase classname="Package1.AppTest4" name="Test11" time="0.018"/>
  <testcase classname="Package1.AppTest4" name="Test10" time="0.018"/>
</testsuite> <!-- Package1.AppTest4 -->
