<?xml version="1.0" encoding="UTF-8"?>
<!-- Generated by org.testng.reporters.JUnitReportReporter -->
<testsuite hostname="RGDevice" failures="0" tests="1" name="Package1.parameterization_practice" time="10.274" errors="0" timestamp="2024-06-08T12:19:50 IST" skipped="0">
  <testcase classname="Package1.parameterization_practice" name="start" time="10.274"/>
</testsuite> <!-- Package1.parameterization_practice -->
