<?xml version="1.0" encoding="UTF-8"?>
<!-- Generated by org.testng.reporters.JUnitReportReporter -->
<testsuite hostname="RGDevice" failures="0" tests="1" name="Assertion_Practice.SoftAssertions" time="6.503" errors="0" timestamp="2024-06-02T12:10:52 IST" skipped="0">
  <testcase classname="Assertion_Practice.SoftAssertions" name="soft_assert" time="6.503"/>
</testsuite> <!-- Assertion_Practice.SoftAssertions -->
