<?xml version="1.0" encoding="UTF-8"?>
<!-- Generated by org.testng.reporters.JUnitReportReporter -->
<testsuite hostname="RGDevice" failures="0" tests="2" name="Invocations.Invocation_count_example" time="0.017" errors="0" timestamp="2024-07-07T16:56:39 IST" skipped="0">
  <testcase classname="Invocations.Invocation_count_example" name="m1" time="0.016"/>
  <testcase classname="Invocations.Invocation_count_example" name="m2" time="0.001"/>
</testsuite> <!-- Invocations.Invocation_count_example -->
