<?xml version="1.0" encoding="UTF-8"?>
<!-- Generated by org.testng.reporters.JUnitReportReporter -->
<testsuite hostname="RGDevice" failures="0" tests="1" name="Package1.AppTest1" time="0.004" errors="0" timestamp="2024-07-29T16:07:39 IST" skipped="0">
  <testcase classname="Package1.AppTest1" name="Test1" time="0.004"/>
</testsuite> <!-- Package1.AppTest1 -->
