<?xml version="1.0" encoding="UTF-8"?>
<!-- Generated by org.testng.reporters.JUnitReportReporter -->
<testsuite hostname="RGDevice" failures="0" tests="2" name="Package1.AppTest3" time="0.001" errors="0" timestamp="2024-07-29T16:07:39 IST" skipped="1">
  <testcase classname="Package1.AppTest3" name="Test7" time="0.001"/>
  <testcase classname="Package1.AppTest3" name="Test9">
    <skipped/>
  </testcase> <!-- Test9 -->
</testsuite> <!-- Package1.AppTest3 -->
