<?xml version="1.0" encoding="UTF-8"?>
<!-- Generated by org.testng.reporters.JUnitReportReporter -->
<testsuite hostname="RGDevice" failures="0" tests="3" name="Package1.AppTest3" time="0.002" errors="0" timestamp="2024-04-11T21:21:17 IST" skipped="1">
  <testcase classname="Package1.AppTest3" name="Test7" time="0.001"/>
  <testcase classname="Package1.AppTest3" name="Test8" time="0.001"/>
  <testcase classname="Package1.AppTest3" name="Test9">
    <skipped/>
  </testcase> <!-- Test9 -->
</testsuite> <!-- Package1.AppTest3 -->
