<?xml version="1.0" encoding="UTF-8"?>
<!-- Generated by org.testng.reporters.JUnitReportReporter -->
<testsuite hostname="RGDevice" failures="0" tests="1" name="Package1.AppTest2" time="0.001" errors="0" timestamp="2024-07-29T16:07:39 IST" skipped="0">
  <testcase classname="Package1.AppTest2" name="Test4" time="0.001"/>
</testsuite> <!-- Package1.AppTest2 -->
